<?xml version="1.0" encoding="UTF-8"?>
<!-- Generated by org.testng.reporters.JUnitXMLReporter -->
<testsuite ignored="0" hostname="Hestabits-MacBook-Pro.local" failures="1" tests="2" name="ChromeTest" time="54.355" errors="0" timestamp="2024-03-26T12:54:41 IST">
  <testcase classname="JaigerMeisterSuperAdminLogin.Tc_002JaigerMeisterSuperadminStats" name="Statsoption" time="26.033">
    <failure type="java.lang.AssertionError">
      <![CDATA[java.lang.AssertionError: 
at JaigerMeisterSuperAdminLogin.Tc_002JaigerMeisterSuperadminStats.Statsoption(Tc_002JaigerMeisterSuperadminStats.java:34)
at java.base/java.util.ArrayList.forEach(ArrayList.java:1511)
at java.base/java.util.concurrent.FutureTask.run(FutureTask.java:264)
at java.base/java.util.concurrent.ThreadPoolExecutor.runWorker(ThreadPoolExecutor.java:1136)
at java.base/java.util.concurrent.ThreadPoolExecutor$Worker.run(ThreadPoolExecutor.java:635)
at java.base/java.lang.Thread.run(Thread.java:840)
... Removed 19 stack frames]]>
    </failure>
  </testcase> <!-- Statsoption -->
  <testcase classname="JaigerMeisterSuperAdminLogin.TC_001Superadmin" name="verify_superadminlogin" time="20.325"/>
</testsuite> <!-- ChromeTest -->
