<?xml version="1.0" encoding="UTF-8"?>
<testng-results ignored="0" total="4" passed="2" failed="2" skipped="0">
  <reporter-output>
  </reporter-output>
  <suite started-at="2024-03-26T12:53:42 IST" name="Suite" finished-at="2024-03-26T12:54:39 IST" duration-ms="57790">
    <groups>
    </groups>
    <test started-at="2024-03-26T12:53:42 IST" name="ChromeTest" finished-at="2024-03-26T12:54:36 IST" duration-ms="54355">
      <class name="JaigerMeisterSuperAdminLogin.TC_001Superadmin">
        <test-method is-config="true" signature="setup(java.lang.String,java.lang.String)[pri:0, instance:JaigerMeisterSuperAdminLogin.TC_001Superadmin@25ce9dc4]" started-at="2024-03-26T12:54:12 IST" name="setup" finished-at="2024-03-26T12:54:16 IST" duration-ms="3361" status="PASS">
          <params>
            <param index="0">
              <value>
                <![CDATA[mac]]>
              </value>
            </param>
            <param index="1">
              <value>
                <![CDATA[chrome]]>
              </value>
            </param>
          </params>
          <reporter-output>
          </reporter-output>
        </test-method> <!-- setup -->
        <test-method signature="verify_superadminlogin()[pri:0, instance:JaigerMeisterSuperAdminLogin.TC_001Superadmin@25ce9dc4]" started-at="2024-03-26T12:54:16 IST" name="verify_superadminlogin" finished-at="2024-03-26T12:54:36 IST" duration-ms="20325" status="PASS">
          <reporter-output>
          </reporter-output>
        </test-method> <!-- verify_superadminlogin -->
      </class> <!-- JaigerMeisterSuperAdminLogin.TC_001Superadmin -->
      <class name="JaigerMeisterSuperAdminLogin.Tc_002JaigerMeisterSuperadminStats">
        <test-method is-config="true" signature="setup(java.lang.String,java.lang.String)[pri:0, instance:JaigerMeisterSuperAdminLogin.Tc_002JaigerMeisterSuperadminStats@15bb5034]" started-at="2024-03-26T12:53:42 IST" name="setup" finished-at="2024-03-26T12:53:46 IST" duration-ms="4605" status="PASS">
          <params>
            <param index="0">
              <value>
                <![CDATA[mac]]>
              </value>
            </param>
            <param index="1">
              <value>
                <![CDATA[chrome]]>
              </value>
            </param>
          </params>
          <reporter-output>
          </reporter-output>
        </test-method> <!-- setup -->
        <test-method signature="Statsoption()[pri:0, instance:JaigerMeisterSuperAdminLogin.Tc_002JaigerMeisterSuperadminStats@15bb5034]" started-at="2024-03-26T12:53:46 IST" name="Statsoption" finished-at="2024-03-26T12:54:12 IST" duration-ms="26033" status="FAIL">
          <exception class="java.lang.AssertionError">
            <full-stacktrace>
              <![CDATA[java.lang.AssertionError: 
at org.testng.AssertJUnit.fail(AssertJUnit.java:65)
at org.testng.AssertJUnit.fail(AssertJUnit.java:70)
at JaigerMeisterSuperAdminLogin.Tc_002JaigerMeisterSuperadminStats.Statsoption(Tc_002JaigerMeisterSuperadminStats.java:34)
at java.base/jdk.internal.reflect.NativeMethodAccessorImpl.invoke0(Native Method)
at java.base/jdk.internal.reflect.NativeMethodAccessorImpl.invoke(NativeMethodAccessorImpl.java:77)
at java.base/jdk.internal.reflect.DelegatingMethodAccessorImpl.invoke(DelegatingMethodAccessorImpl.java:43)
at java.base/java.lang.reflect.Method.invoke(Method.java:568)
at org.testng.internal.invokers.MethodInvocationHelper.invokeMethod(MethodInvocationHelper.java:139)
at org.testng.internal.invokers.TestInvoker.invokeMethod(TestInvoker.java:664)
at org.testng.internal.invokers.TestInvoker.invokeTestMethod(TestInvoker.java:228)
at org.testng.internal.invokers.MethodRunner.runInSequence(MethodRunner.java:63)
at org.testng.internal.invokers.TestInvoker$MethodInvocationAgent.invoke(TestInvoker.java:961)
at org.testng.internal.invokers.TestInvoker.invokeTestMethods(TestInvoker.java:201)
at org.testng.internal.invokers.TestMethodWorker.invokeTestMethods(TestMethodWorker.java:148)
at org.testng.internal.invokers.TestMethodWorker.run(TestMethodWorker.java:128)
at java.base/java.util.ArrayList.forEach(ArrayList.java:1511)
at org.testng.TestRunner.privateRun(TestRunner.java:819)
at org.testng.TestRunner.run(TestRunner.java:619)
at org.testng.SuiteRunner.runTest(SuiteRunner.java:443)
at org.testng.SuiteRunner$SuiteWorker.run(SuiteRunner.java:481)
at org.testng.internal.thread.ThreadUtil.lambda$execute$0(ThreadUtil.java:58)
at java.base/java.util.concurrent.FutureTask.run(FutureTask.java:264)
at java.base/java.util.concurrent.ThreadPoolExecutor.runWorker(ThreadPoolExecutor.java:1136)
at java.base/java.util.concurrent.ThreadPoolExecutor$Worker.run(ThreadPoolExecutor.java:635)
at java.base/java.lang.Thread.run(Thread.java:840)
]]>
            </full-stacktrace>
          </exception> <!-- java.lang.AssertionError -->
          <reporter-output>
          </reporter-output>
        </test-method> <!-- Statsoption -->
      </class> <!-- JaigerMeisterSuperAdminLogin.Tc_002JaigerMeisterSuperadminStats -->
    </test> <!-- ChromeTest -->
    <test started-at="2024-03-26T12:53:42 IST" name="SafariTest" finished-at="2024-03-26T12:54:39 IST" duration-ms="57790">
      <class name="JaigerMeisterSuperAdminLogin.TC_001Superadmin">
        <test-method is-config="true" signature="setup(java.lang.String,java.lang.String)[pri:0, instance:JaigerMeisterSuperAdminLogin.TC_001Superadmin@7a35b0f5]" started-at="2024-03-26T12:54:16 IST" name="setup" finished-at="2024-03-26T12:54:19 IST" duration-ms="3277" status="PASS">
          <params>
            <param index="0">
              <value>
                <![CDATA[mac]]>
              </value>
            </param>
            <param index="1">
              <value>
                <![CDATA[chrome]]>
              </value>
            </param>
          </params>
          <reporter-output>
          </reporter-output>
        </test-method> <!-- setup -->
        <test-method signature="verify_superadminlogin()[pri:0, instance:JaigerMeisterSuperAdminLogin.TC_001Superadmin@7a35b0f5]" started-at="2024-03-26T12:54:19 IST" name="verify_superadminlogin" finished-at="2024-03-26T12:54:39 IST" duration-ms="20343" status="PASS">
          <reporter-output>
          </reporter-output>
        </test-method> <!-- verify_superadminlogin -->
      </class> <!-- JaigerMeisterSuperAdminLogin.TC_001Superadmin -->
      <class name="JaigerMeisterSuperAdminLogin.Tc_002JaigerMeisterSuperadminStats">
        <test-method is-config="true" signature="setup(java.lang.String,java.lang.String)[pri:0, instance:JaigerMeisterSuperAdminLogin.Tc_002JaigerMeisterSuperadminStats@68c9133c]" started-at="2024-03-26T12:53:42 IST" name="setup" finished-at="2024-03-26T12:53:50 IST" duration-ms="8229" status="PASS">
          <params>
            <param index="0">
              <value>
                <![CDATA[mac]]>
              </value>
            </param>
            <param index="1">
              <value>
                <![CDATA[chrome]]>
              </value>
            </param>
          </params>
          <reporter-output>
          </reporter-output>
        </test-method> <!-- setup -->
        <test-method signature="Statsoption()[pri:0, instance:JaigerMeisterSuperAdminLogin.Tc_002JaigerMeisterSuperadminStats@68c9133c]" started-at="2024-03-26T12:53:50 IST" name="Statsoption" finished-at="2024-03-26T12:54:16 IST" duration-ms="25920" status="FAIL">
          <exception class="java.lang.AssertionError">
            <full-stacktrace>
              <![CDATA[java.lang.AssertionError: 
at org.testng.AssertJUnit.fail(AssertJUnit.java:65)
at org.testng.AssertJUnit.fail(AssertJUnit.java:70)
at JaigerMeisterSuperAdminLogin.Tc_002JaigerMeisterSuperadminStats.Statsoption(Tc_002JaigerMeisterSuperadminStats.java:34)
at java.base/jdk.internal.reflect.NativeMethodAccessorImpl.invoke0(Native Method)
at java.base/jdk.internal.reflect.NativeMethodAccessorImpl.invoke(NativeMethodAccessorImpl.java:77)
at java.base/jdk.internal.reflect.DelegatingMethodAccessorImpl.invoke(DelegatingMethodAccessorImpl.java:43)
at java.base/java.lang.reflect.Method.invoke(Method.java:568)
at org.testng.internal.invokers.MethodInvocationHelper.invokeMethod(MethodInvocationHelper.java:139)
at org.testng.internal.invokers.TestInvoker.invokeMethod(TestInvoker.java:664)
at org.testng.internal.invokers.TestInvoker.invokeTestMethod(TestInvoker.java:228)
at org.testng.internal.invokers.MethodRunner.runInSequence(MethodRunner.java:63)
at org.testng.internal.invokers.TestInvoker$MethodInvocationAgent.invoke(TestInvoker.java:961)
at org.testng.internal.invokers.TestInvoker.invokeTestMethods(TestInvoker.java:201)
at org.testng.internal.invokers.TestMethodWorker.invokeTestMethods(TestMethodWorker.java:148)
at org.testng.internal.invokers.TestMethodWorker.run(TestMethodWorker.java:128)
at java.base/java.util.ArrayList.forEach(ArrayList.java:1511)
at org.testng.TestRunner.privateRun(TestRunner.java:819)
at org.testng.TestRunner.run(TestRunner.java:619)
at org.testng.SuiteRunner.runTest(SuiteRunner.java:443)
at org.testng.SuiteRunner$SuiteWorker.run(SuiteRunner.java:481)
at org.testng.internal.thread.ThreadUtil.lambda$execute$0(ThreadUtil.java:58)
at java.base/java.util.concurrent.FutureTask.run(FutureTask.java:264)
at java.base/java.util.concurrent.ThreadPoolExecutor.runWorker(ThreadPoolExecutor.java:1136)
at java.base/java.util.concurrent.ThreadPoolExecutor$Worker.run(ThreadPoolExecutor.java:635)
at java.base/java.lang.Thread.run(Thread.java:840)
]]>
            </full-stacktrace>
          </exception> <!-- java.lang.AssertionError -->
          <reporter-output>
          </reporter-output>
        </test-method> <!-- Statsoption -->
      </class> <!-- JaigerMeisterSuperAdminLogin.Tc_002JaigerMeisterSuperadminStats -->
    </test> <!-- SafariTest -->
  </suite> <!-- Suite -->
</testng-results>
